<?xml version="1.0" encoding="UTF-8"?>
<testsuite xmlns:xsi="http://www.w3.org/2001/XMLSchema-instance" xsi:noNamespaceSchemaLocation="https://maven.apache.org/surefire/maven-surefire-plugin/xsd/surefire-test-report-3.0.xsd" version="3.0" name="com.equiptal.AppTest" time="0.064" tests="1" errors="0" skipped="0" failures="0">
  <properties>
    <property name="java.specification.version" value="21"/>
    <property name="sun.jnu.encoding" value="UTF-8"/>
    <property name="java.class.path" value="/home/ammat/Java/BookStorm/target/test-classes:/home/ammat/Java/BookStorm/target/classes:/home/ammat/.m2/repository/junit/junit/4.11/junit-4.11.jar:/home/ammat/.m2/repository/org/hamcrest/hamcrest-core/1.3/hamcrest-core-1.3.jar:/home/ammat/.m2/repository/io/javalin/javalin/5.6.3/javalin-5.6.3.jar:/home/ammat/.m2/repository/org/jetbrains/annotations/24.0.1/annotations-24.0.1.jar:/home/ammat/.m2/repository/org/slf4j/slf4j-api/2.0.7/slf4j-api-2.0.7.jar:/home/ammat/.m2/repository/org/eclipse/jetty/jetty-server/11.0.17/jetty-server-11.0.17.jar:/home/ammat/.m2/repository/org/eclipse/jetty/toolchain/jetty-jakarta-servlet-api/5.0.2/jetty-jakarta-servlet-api-5.0.2.jar:/home/ammat/.m2/repository/org/eclipse/jetty/jetty-http/11.0.17/jetty-http-11.0.17.jar:/home/ammat/.m2/repository/org/eclipse/jetty/jetty-util/11.0.17/jetty-util-11.0.17.jar:/home/ammat/.m2/repository/org/eclipse/jetty/jetty-io/11.0.17/jetty-io-11.0.17.jar:/home/ammat/.m2/repository/org/eclipse/jetty/jetty-webapp/11.0.17/jetty-webapp-11.0.17.jar:/home/ammat/.m2/repository/org/eclipse/jetty/jetty-servlet/11.0.17/jetty-servlet-11.0.17.jar:/home/ammat/.m2/repository/org/eclipse/jetty/jetty-security/11.0.17/jetty-security-11.0.17.jar:/home/ammat/.m2/repository/org/eclipse/jetty/jetty-xml/11.0.17/jetty-xml-11.0.17.jar:/home/ammat/.m2/repository/org/eclipse/jetty/websocket/websocket-jetty-server/11.0.17/websocket-jetty-server-11.0.17.jar:/home/ammat/.m2/repository/org/eclipse/jetty/websocket/websocket-jetty-common/11.0.17/websocket-jetty-common-11.0.17.jar:/home/ammat/.m2/repository/org/eclipse/jetty/websocket/websocket-core-common/11.0.17/websocket-core-common-11.0.17.jar:/home/ammat/.m2/repository/org/eclipse/jetty/websocket/websocket-servlet/11.0.17/websocket-servlet-11.0.17.jar:/home/ammat/.m2/repository/org/eclipse/jetty/websocket/websocket-core-server/11.0.17/websocket-core-server-11.0.17.jar:/home/ammat/.m2/repository/org/eclipse/jetty/websocket/websocket-jetty-api/11.0.17/websocket-jetty-api-11.0.17.jar:/home/ammat/.m2/repository/org/jetbrains/kotlin/kotlin-stdlib-jdk8/1.8.21/kotlin-stdlib-jdk8-1.8.21.jar:/home/ammat/.m2/repository/org/jetbrains/kotlin/kotlin-stdlib/1.8.21/kotlin-stdlib-1.8.21.jar:/home/ammat/.m2/repository/org/jetbrains/kotlin/kotlin-stdlib-common/1.8.21/kotlin-stdlib-common-1.8.21.jar:/home/ammat/.m2/repository/org/jetbrains/kotlin/kotlin-stdlib-jdk7/1.8.21/kotlin-stdlib-jdk7-1.8.21.jar:/home/ammat/.m2/repository/org/slf4j/slf4j-simple/2.0.7/slf4j-simple-2.0.7.jar:/home/ammat/.m2/repository/org/thymeleaf/thymeleaf/3.1.2.RELEASE/thymeleaf-3.1.2.RELEASE.jar:/home/ammat/.m2/repository/ognl/ognl/3.3.4/ognl-3.3.4.jar:/home/ammat/.m2/repository/org/javassist/javassist/3.29.0-GA/javassist-3.29.0-GA.jar:/home/ammat/.m2/repository/org/attoparser/attoparser/2.0.7.RELEASE/attoparser-2.0.7.RELEASE.jar:/home/ammat/.m2/repository/org/unbescape/unbescape/1.1.6.RELEASE/unbescape-1.1.6.RELEASE.jar:/home/ammat/.m2/repository/org/projectlombok/lombok/1.18.30/lombok-1.18.30.jar:/home/ammat/.m2/repository/com/fasterxml/jackson/core/jackson-core/2.16.0/jackson-core-2.16.0.jar:/home/ammat/.m2/repository/org/jdbi/jdbi3-core/3.41.0/jdbi3-core-3.41.0.jar:/home/ammat/.m2/repository/io/leangen/geantyref/geantyref/1.3.14/geantyref-1.3.14.jar:/home/ammat/.m2/repository/com/oracle/ojdbc/orai18n/19.3.0.0/orai18n-19.3.0.0.jar:/home/ammat/.m2/repository/com/oracle/ojdbc/ojdbc8/19.3.0.0/ojdbc8-19.3.0.0.jar:/home/ammat/.m2/repository/com/oracle/ojdbc/ucp/19.3.0.0/ucp-19.3.0.0.jar:/home/ammat/.m2/repository/com/oracle/ojdbc/oraclepki/19.3.0.0/oraclepki-19.3.0.0.jar:/home/ammat/.m2/repository/com/oracle/ojdbc/osdt_cert/19.3.0.0/osdt_cert-19.3.0.0.jar:/home/ammat/.m2/repository/com/oracle/ojdbc/osdt_core/19.3.0.0/osdt_core-19.3.0.0.jar:/home/ammat/.m2/repository/com/oracle/ojdbc/simplefan/19.3.0.0/simplefan-19.3.0.0.jar:/home/ammat/.m2/repository/com/oracle/ojdbc/ons/19.3.0.0/ons-19.3.0.0.jar:/home/ammat/.m2/repository/com/mydataharbor/mydataharbor-plugin-base/2.0.0/mydataharbor-plugin-base-2.0.0.jar:/home/ammat/.m2/repository/com/fasterxml/jackson/core/jackson-databind/2.12.1/jackson-databind-2.12.1.jar:/home/ammat/.m2/repository/com/fasterxml/jackson/core/jackson-annotations/2.12.1/jackson-annotations-2.12.1.jar:/home/ammat/.m2/repository/org/reflections/reflections/0.9.12/reflections-0.9.12.jar:/home/ammat/.m2/repository/com/google/inject/guice/7.0.0/guice-7.0.0.jar:/home/ammat/.m2/repository/jakarta/inject/jakarta.inject-api/2.0.1/jakarta.inject-api-2.0.1.jar:/home/ammat/.m2/repository/aopalliance/aopalliance/1.0/aopalliance-1.0.jar:/home/ammat/.m2/repository/com/google/guava/guava/31.0.1-jre/guava-31.0.1-jre.jar:/home/ammat/.m2/repository/com/google/guava/failureaccess/1.0.1/failureaccess-1.0.1.jar:/home/ammat/.m2/repository/com/google/guava/listenablefuture/9999.0-empty-to-avoid-conflict-with-guava/listenablefuture-9999.0-empty-to-avoid-conflict-with-guava.jar:/home/ammat/.m2/repository/com/google/code/findbugs/jsr305/3.0.2/jsr305-3.0.2.jar:/home/ammat/.m2/repository/com/google/errorprone/error_prone_annotations/2.7.1/error_prone_annotations-2.7.1.jar:/home/ammat/.m2/repository/com/google/j2objc/j2objc-annotations/1.3/j2objc-annotations-1.3.jar:/home/ammat/.m2/repository/org/postgresql/postgresql/42.7.1/postgresql-42.7.1.jar:/home/ammat/.m2/repository/org/checkerframework/checker-qual/3.41.0/checker-qual-3.41.0.jar:"/>
    <property name="java.vm.vendor" value="Oracle Corporation"/>
    <property name="sun.arch.data.model" value="64"/>
    <property name="java.vendor.url" value="https://java.oracle.com/"/>
    <property name="os.name" value="Linux"/>
    <property name="java.vm.specification.version" value="21"/>
    <property name="sun.java.launcher" value="SUN_STANDARD"/>
    <property name="sun.boot.library.path" value="/usr/lib/jvm/jdk-21-oracle-x64/lib"/>
    <property name="sun.java.command" value="/home/ammat/Java/BookStorm/target/surefire/surefirebooter-20231221233303569_3.jar /home/ammat/Java/BookStorm/target/surefire 2023-12-21T23-33-03_428-jvmRun1 surefire-20231221233303569_1tmp surefire_0-20231221233303569_2tmp"/>
    <property name="jdk.debug" value="release"/>
    <property name="surefire.test.class.path" value="/home/ammat/Java/BookStorm/target/test-classes:/home/ammat/Java/BookStorm/target/classes:/home/ammat/.m2/repository/junit/junit/4.11/junit-4.11.jar:/home/ammat/.m2/repository/org/hamcrest/hamcrest-core/1.3/hamcrest-core-1.3.jar:/home/ammat/.m2/repository/io/javalin/javalin/5.6.3/javalin-5.6.3.jar:/home/ammat/.m2/repository/org/jetbrains/annotations/24.0.1/annotations-24.0.1.jar:/home/ammat/.m2/repository/org/slf4j/slf4j-api/2.0.7/slf4j-api-2.0.7.jar:/home/ammat/.m2/repository/org/eclipse/jetty/jetty-server/11.0.17/jetty-server-11.0.17.jar:/home/ammat/.m2/repository/org/eclipse/jetty/toolchain/jetty-jakarta-servlet-api/5.0.2/jetty-jakarta-servlet-api-5.0.2.jar:/home/ammat/.m2/repository/org/eclipse/jetty/jetty-http/11.0.17/jetty-http-11.0.17.jar:/home/ammat/.m2/repository/org/eclipse/jetty/jetty-util/11.0.17/jetty-util-11.0.17.jar:/home/ammat/.m2/repository/org/eclipse/jetty/jetty-io/11.0.17/jetty-io-11.0.17.jar:/home/ammat/.m2/repository/org/eclipse/jetty/jetty-webapp/11.0.17/jetty-webapp-11.0.17.jar:/home/ammat/.m2/repository/org/eclipse/jetty/jetty-servlet/11.0.17/jetty-servlet-11.0.17.jar:/home/ammat/.m2/repository/org/eclipse/jetty/jetty-security/11.0.17/jetty-security-11.0.17.jar:/home/ammat/.m2/repository/org/eclipse/jetty/jetty-xml/11.0.17/jetty-xml-11.0.17.jar:/home/ammat/.m2/repository/org/eclipse/jetty/websocket/websocket-jetty-server/11.0.17/websocket-jetty-server-11.0.17.jar:/home/ammat/.m2/repository/org/eclipse/jetty/websocket/websocket-jetty-common/11.0.17/websocket-jetty-common-11.0.17.jar:/home/ammat/.m2/repository/org/eclipse/jetty/websocket/websocket-core-common/11.0.17/websocket-core-common-11.0.17.jar:/home/ammat/.m2/repository/org/eclipse/jetty/websocket/websocket-servlet/11.0.17/websocket-servlet-11.0.17.jar:/home/ammat/.m2/repository/org/eclipse/jetty/websocket/websocket-core-server/11.0.17/websocket-core-server-11.0.17.jar:/home/ammat/.m2/repository/org/eclipse/jetty/websocket/websocket-jetty-api/11.0.17/websocket-jetty-api-11.0.17.jar:/home/ammat/.m2/repository/org/jetbrains/kotlin/kotlin-stdlib-jdk8/1.8.21/kotlin-stdlib-jdk8-1.8.21.jar:/home/ammat/.m2/repository/org/jetbrains/kotlin/kotlin-stdlib/1.8.21/kotlin-stdlib-1.8.21.jar:/home/ammat/.m2/repository/org/jetbrains/kotlin/kotlin-stdlib-common/1.8.21/kotlin-stdlib-common-1.8.21.jar:/home/ammat/.m2/repository/org/jetbrains/kotlin/kotlin-stdlib-jdk7/1.8.21/kotlin-stdlib-jdk7-1.8.21.jar:/home/ammat/.m2/repository/org/slf4j/slf4j-simple/2.0.7/slf4j-simple-2.0.7.jar:/home/ammat/.m2/repository/org/thymeleaf/thymeleaf/3.1.2.RELEASE/thymeleaf-3.1.2.RELEASE.jar:/home/ammat/.m2/repository/ognl/ognl/3.3.4/ognl-3.3.4.jar:/home/ammat/.m2/repository/org/javassist/javassist/3.29.0-GA/javassist-3.29.0-GA.jar:/home/ammat/.m2/repository/org/attoparser/attoparser/2.0.7.RELEASE/attoparser-2.0.7.RELEASE.jar:/home/ammat/.m2/repository/org/unbescape/unbescape/1.1.6.RELEASE/unbescape-1.1.6.RELEASE.jar:/home/ammat/.m2/repository/org/projectlombok/lombok/1.18.30/lombok-1.18.30.jar:/home/ammat/.m2/repository/com/fasterxml/jackson/core/jackson-core/2.16.0/jackson-core-2.16.0.jar:/home/ammat/.m2/repository/org/jdbi/jdbi3-core/3.41.0/jdbi3-core-3.41.0.jar:/home/ammat/.m2/repository/io/leangen/geantyref/geantyref/1.3.14/geantyref-1.3.14.jar:/home/ammat/.m2/repository/com/oracle/ojdbc/orai18n/19.3.0.0/orai18n-19.3.0.0.jar:/home/ammat/.m2/repository/com/oracle/ojdbc/ojdbc8/19.3.0.0/ojdbc8-19.3.0.0.jar:/home/ammat/.m2/repository/com/oracle/ojdbc/ucp/19.3.0.0/ucp-19.3.0.0.jar:/home/ammat/.m2/repository/com/oracle/ojdbc/oraclepki/19.3.0.0/oraclepki-19.3.0.0.jar:/home/ammat/.m2/repository/com/oracle/ojdbc/osdt_cert/19.3.0.0/osdt_cert-19.3.0.0.jar:/home/ammat/.m2/repository/com/oracle/ojdbc/osdt_core/19.3.0.0/osdt_core-19.3.0.0.jar:/home/ammat/.m2/repository/com/oracle/ojdbc/simplefan/19.3.0.0/simplefan-19.3.0.0.jar:/home/ammat/.m2/repository/com/oracle/ojdbc/ons/19.3.0.0/ons-19.3.0.0.jar:/home/ammat/.m2/repository/com/mydataharbor/mydataharbor-plugin-base/2.0.0/mydataharbor-plugin-base-2.0.0.jar:/home/ammat/.m2/repository/com/fasterxml/jackson/core/jackson-databind/2.12.1/jackson-databind-2.12.1.jar:/home/ammat/.m2/repository/com/fasterxml/jackson/core/jackson-annotations/2.12.1/jackson-annotations-2.12.1.jar:/home/ammat/.m2/repository/org/reflections/reflections/0.9.12/reflections-0.9.12.jar:/home/ammat/.m2/repository/com/google/inject/guice/7.0.0/guice-7.0.0.jar:/home/ammat/.m2/repository/jakarta/inject/jakarta.inject-api/2.0.1/jakarta.inject-api-2.0.1.jar:/home/ammat/.m2/repository/aopalliance/aopalliance/1.0/aopalliance-1.0.jar:/home/ammat/.m2/repository/com/google/guava/guava/31.0.1-jre/guava-31.0.1-jre.jar:/home/ammat/.m2/repository/com/google/guava/failureaccess/1.0.1/failureaccess-1.0.1.jar:/home/ammat/.m2/repository/com/google/guava/listenablefuture/9999.0-empty-to-avoid-conflict-with-guava/listenablefuture-9999.0-empty-to-avoid-conflict-with-guava.jar:/home/ammat/.m2/repository/com/google/code/findbugs/jsr305/3.0.2/jsr305-3.0.2.jar:/home/ammat/.m2/repository/com/google/errorprone/error_prone_annotations/2.7.1/error_prone_annotations-2.7.1.jar:/home/ammat/.m2/repository/com/google/j2objc/j2objc-annotations/1.3/j2objc-annotations-1.3.jar:/home/ammat/.m2/repository/org/postgresql/postgresql/42.7.1/postgresql-42.7.1.jar:/home/ammat/.m2/repository/org/checkerframework/checker-qual/3.41.0/checker-qual-3.41.0.jar:"/>
    <property name="sun.cpu.endian" value="little"/>
    <property name="user.home" value="/home/ammat"/>
    <property name="user.language" value="en"/>
    <property name="java.specification.vendor" value="Oracle Corporation"/>
    <property name="java.version.date" value="2023-10-17"/>
    <property name="java.home" value="/usr/lib/jvm/jdk-21-oracle-x64"/>
    <property name="file.separator" value="/"/>
    <property name="basedir" value="/home/ammat/Java/BookStorm"/>
    <property name="java.vm.compressedOopsMode" value="32-bit"/>
    <property name="line.separator" value="&#10;"/>
    <property name="java.vm.specification.vendor" value="Oracle Corporation"/>
    <property name="java.specification.name" value="Java Platform API Specification"/>
    <property name="surefire.real.class.path" value="/home/ammat/Java/BookStorm/target/surefire/surefirebooter-20231221233303569_3.jar"/>
    <property name="sun.management.compiler" value="HotSpot 64-Bit Tiered Compilers"/>
    <property name="java.runtime.version" value="21.0.1+12-LTS-29"/>
    <property name="user.name" value="ammat"/>
    <property name="stdout.encoding" value="UTF-8"/>
    <property name="path.separator" value=":"/>
    <property name="os.version" value="4.4.0-22621-Microsoft"/>
    <property name="java.runtime.name" value="Java(TM) SE Runtime Environment"/>
    <property name="file.encoding" value="UTF-8"/>
    <property name="java.vm.name" value="Java HotSpot(TM) 64-Bit Server VM"/>
    <property name="localRepository" value="/home/ammat/.m2/repository"/>
    <property name="java.vendor.url.bug" value="https://bugreport.java.com/bugreport/"/>
    <property name="java.io.tmpdir" value="/tmp"/>
    <property name="java.version" value="21.0.1"/>
    <property name="user.dir" value="/home/ammat/Java/BookStorm"/>
    <property name="os.arch" value="amd64"/>
    <property name="java.vm.specification.name" value="Java Virtual Machine Specification"/>
    <property name="native.encoding" value="UTF-8"/>
    <property name="java.library.path" value="/usr/java/packages/lib:/usr/lib64:/lib64:/lib:/usr/lib"/>
    <property name="stderr.encoding" value="UTF-8"/>
    <property name="java.vm.info" value="mixed mode, sharing"/>
    <property name="java.vendor" value="Oracle Corporation"/>
    <property name="java.vm.version" value="21.0.1+12-LTS-29"/>
    <property name="sun.io.unicode.encoding" value="UnicodeLittle"/>
    <property name="java.class.version" value="65.0"/>
  </properties>
  <testcase name="shouldAnswerWithTrue" classname="com.equiptal.AppTest" time="0.003"/>
</testsuite>